CRITICAL - 2020-11-09 05:15:02 --> Call to undefined method App\Models\Jawab::create
#0 C:\xampp\htdocs\skm2020\app\Controllers\Admin\Jawaban.php(44): CodeIgniter\Model->__call('create', Array)
#1 C:\xampp\htdocs\skm2020\vendor\codeigniter4\framework\system\CodeIgniter.php(918): App\Controllers\Admin\Jawaban->create()
#2 C:\xampp\htdocs\skm2020\vendor\codeigniter4\framework\system\CodeIgniter.php(404): CodeIgniter\CodeIgniter->runController(Object(App\Controllers\Admin\Jawaban))
#3 C:\xampp\htdocs\skm2020\vendor\codeigniter4\framework\system\CodeIgniter.php(312): CodeIgniter\CodeIgniter->handleRequest(NULL, Object(Config\Cache), false)
#4 C:\xampp\htdocs\skm2020\public\index.php(45): CodeIgniter\CodeIgniter->run()
#5 C:\xampp\htdocs\skm2020\vendor\codeigniter4\framework\system\Commands\Server\rewrite.php(34): require_once('C:\\xampp\\htdocs...')
#6 {main}
CRITICAL - 2020-11-09 05:15:20 --> Call to undefined method App\Models\Jawab::create
#0 C:\xampp\htdocs\skm2020\app\Controllers\Admin\Jawaban.php(44): CodeIgniter\Model->__call('create', Array)
#1 C:\xampp\htdocs\skm2020\vendor\codeigniter4\framework\system\CodeIgniter.php(918): App\Controllers\Admin\Jawaban->create()
#2 C:\xampp\htdocs\skm2020\vendor\codeigniter4\framework\system\CodeIgniter.php(404): CodeIgniter\CodeIgniter->runController(Object(App\Controllers\Admin\Jawaban))
#3 C:\xampp\htdocs\skm2020\vendor\codeigniter4\framework\system\CodeIgniter.php(312): CodeIgniter\CodeIgniter->handleRequest(NULL, Object(Config\Cache), false)
#4 C:\xampp\htdocs\skm2020\public\index.php(45): CodeIgniter\CodeIgniter->run()
#5 C:\xampp\htdocs\skm2020\vendor\codeigniter4\framework\system\Commands\Server\rewrite.php(34): require_once('C:\\xampp\\htdocs...')
#6 {main}
CRITICAL - 2020-11-09 05:18:20 --> Call to undefined method App\Models\Jawab::create
#0 C:\xampp\htdocs\skm2020\app\Controllers\Admin\Jawaban.php(44): CodeIgniter\Model->__call('create', Array)
#1 C:\xampp\htdocs\skm2020\vendor\codeigniter4\framework\system\CodeIgniter.php(918): App\Controllers\Admin\Jawaban->create()
#2 C:\xampp\htdocs\skm2020\vendor\codeigniter4\framework\system\CodeIgniter.php(404): CodeIgniter\CodeIgniter->runController(Object(App\Controllers\Admin\Jawaban))
#3 C:\xampp\htdocs\skm2020\vendor\codeigniter4\framework\system\CodeIgniter.php(312): CodeIgniter\CodeIgniter->handleRequest(NULL, Object(Config\Cache), false)
#4 C:\xampp\htdocs\skm2020\public\index.php(45): CodeIgniter\CodeIgniter->run()
#5 C:\xampp\htdocs\skm2020\vendor\codeigniter4\framework\system\Commands\Server\rewrite.php(34): require_once('C:\\xampp\\htdocs...')
#6 {main}
CRITICAL - 2020-11-09 05:19:42 --> Allowed fields must be specified for model: App\Models\Jawab
#0 C:\xampp\htdocs\skm2020\vendor\codeigniter4\framework\system\Model.php(1265): CodeIgniter\Database\Exceptions\DataException::forInvalidAllowedFields('App\\Models\\Jawa...')
#1 C:\xampp\htdocs\skm2020\vendor\codeigniter4\framework\system\Model.php(735): CodeIgniter\Model->doProtectFields(Array)
#2 C:\xampp\htdocs\skm2020\app\Models\Jawab.php(33): CodeIgniter\Model->insert(Array)
#3 C:\xampp\htdocs\skm2020\app\Controllers\Admin\Jawaban.php(44): App\Models\Jawab->createData(Array)
#4 C:\xampp\htdocs\skm2020\vendor\codeigniter4\framework\system\CodeIgniter.php(918): App\Controllers\Admin\Jawaban->create()
#5 C:\xampp\htdocs\skm2020\vendor\codeigniter4\framework\system\CodeIgniter.php(404): CodeIgniter\CodeIgniter->runController(Object(App\Controllers\Admin\Jawaban))
#6 C:\xampp\htdocs\skm2020\vendor\codeigniter4\framework\system\CodeIgniter.php(312): CodeIgniter\CodeIgniter->handleRequest(NULL, Object(Config\Cache), false)
#7 C:\xampp\htdocs\skm2020\public\index.php(45): CodeIgniter\CodeIgniter->run()
#8 C:\xampp\htdocs\skm2020\vendor\codeigniter4\framework\system\Commands\Server\rewrite.php(34): require_once('C:\\xampp\\htdocs...')
#9 {main}
CRITICAL - 2020-11-09 05:19:48 --> Allowed fields must be specified for model: App\Models\Jawab
#0 C:\xampp\htdocs\skm2020\vendor\codeigniter4\framework\system\Model.php(1265): CodeIgniter\Database\Exceptions\DataException::forInvalidAllowedFields('App\\Models\\Jawa...')
#1 C:\xampp\htdocs\skm2020\vendor\codeigniter4\framework\system\Model.php(735): CodeIgniter\Model->doProtectFields(Array)
#2 C:\xampp\htdocs\skm2020\app\Models\Jawab.php(33): CodeIgniter\Model->insert(Array)
#3 C:\xampp\htdocs\skm2020\app\Controllers\Admin\Jawaban.php(44): App\Models\Jawab->createData(Array)
#4 C:\xampp\htdocs\skm2020\vendor\codeigniter4\framework\system\CodeIgniter.php(918): App\Controllers\Admin\Jawaban->create()
#5 C:\xampp\htdocs\skm2020\vendor\codeigniter4\framework\system\CodeIgniter.php(404): CodeIgniter\CodeIgniter->runController(Object(App\Controllers\Admin\Jawaban))
#6 C:\xampp\htdocs\skm2020\vendor\codeigniter4\framework\system\CodeIgniter.php(312): CodeIgniter\CodeIgniter->handleRequest(NULL, Object(Config\Cache), false)
#7 C:\xampp\htdocs\skm2020\public\index.php(45): CodeIgniter\CodeIgniter->run()
#8 C:\xampp\htdocs\skm2020\vendor\codeigniter4\framework\system\Commands\Server\rewrite.php(34): require_once('C:\\xampp\\htdocs...')
#9 {main}
CRITICAL - 2020-11-09 05:25:56 --> Allowed fields must be specified for model: App\Models\Jawab
#0 C:\xampp\htdocs\skm2020\vendor\codeigniter4\framework\system\Model.php(1265): CodeIgniter\Database\Exceptions\DataException::forInvalidAllowedFields('App\\Models\\Jawa...')
#1 C:\xampp\htdocs\skm2020\vendor\codeigniter4\framework\system\Model.php(735): CodeIgniter\Model->doProtectFields(Array)
#2 C:\xampp\htdocs\skm2020\app\Models\Jawab.php(33): CodeIgniter\Model->insert(Array)
#3 C:\xampp\htdocs\skm2020\app\Controllers\Admin\Jawaban.php(45): App\Models\Jawab->createData(Array)
#4 C:\xampp\htdocs\skm2020\vendor\codeigniter4\framework\system\CodeIgniter.php(918): App\Controllers\Admin\Jawaban->create()
#5 C:\xampp\htdocs\skm2020\vendor\codeigniter4\framework\system\CodeIgniter.php(404): CodeIgniter\CodeIgniter->runController(Object(App\Controllers\Admin\Jawaban))
#6 C:\xampp\htdocs\skm2020\vendor\codeigniter4\framework\system\CodeIgniter.php(312): CodeIgniter\CodeIgniter->handleRequest(NULL, Object(Config\Cache), false)
#7 C:\xampp\htdocs\skm2020\public\index.php(45): CodeIgniter\CodeIgniter->run()
#8 C:\xampp\htdocs\skm2020\vendor\codeigniter4\framework\system\Commands\Server\rewrite.php(34): require_once('C:\\xampp\\htdocs...')
#9 {main}
CRITICAL - 2020-11-09 05:53:15 --> Declaration of App\Models\JawabanModel::save($data) must be compatible with CodeIgniter\Model::save($data): bool
#0 [internal function]: CodeIgniter\Debug\Exceptions->shutdownHandler()
#1 {main}
CRITICAL - 2020-11-09 05:53:21 --> Declaration of App\Models\JawabanModel::save($data) must be compatible with CodeIgniter\Model::save($data): bool
#0 [internal function]: CodeIgniter\Debug\Exceptions->shutdownHandler()
#1 {main}
CRITICAL - 2020-11-09 05:58:28 --> syntax error, unexpected '=', expecting ']'
#0 C:\xampp\htdocs\skm2020\vendor\codeigniter4\framework\system\Autoloader\Autoloader.php(296): CodeIgniter\Autoloader\Autoloader->requireFile('C:\\xampp\\htdocs...')
#1 C:\xampp\htdocs\skm2020\vendor\codeigniter4\framework\system\Autoloader\Autoloader.php(258): CodeIgniter\Autoloader\Autoloader->loadInNamespace('App\\Controllers...')
#2 [internal function]: CodeIgniter\Autoloader\Autoloader->loadClass('App\\Controllers...')
#3 [internal function]: spl_autoload_call('App\\Controllers...')
#4 C:\xampp\htdocs\skm2020\vendor\codeigniter4\framework\system\CodeIgniter.php(869): class_exists('\\App\\Controller...', true)
#5 C:\xampp\htdocs\skm2020\vendor\codeigniter4\framework\system\CodeIgniter.php(394): CodeIgniter\CodeIgniter->startController()
#6 C:\xampp\htdocs\skm2020\vendor\codeigniter4\framework\system\CodeIgniter.php(312): CodeIgniter\CodeIgniter->handleRequest(NULL, Object(Config\Cache), false)
#7 C:\xampp\htdocs\skm2020\public\index.php(45): CodeIgniter\CodeIgniter->run()
#8 C:\xampp\htdocs\skm2020\vendor\codeigniter4\framework\system\Commands\Server\rewrite.php(34): require_once('C:\\xampp\\htdocs...')
#9 {main}
CRITICAL - 2020-11-09 05:58:30 --> syntax error, unexpected '=', expecting ']'
#0 C:\xampp\htdocs\skm2020\vendor\codeigniter4\framework\system\Autoloader\Autoloader.php(296): CodeIgniter\Autoloader\Autoloader->requireFile('C:\\xampp\\htdocs...')
#1 C:\xampp\htdocs\skm2020\vendor\codeigniter4\framework\system\Autoloader\Autoloader.php(258): CodeIgniter\Autoloader\Autoloader->loadInNamespace('App\\Controllers...')
#2 [internal function]: CodeIgniter\Autoloader\Autoloader->loadClass('App\\Controllers...')
#3 [internal function]: spl_autoload_call('App\\Controllers...')
#4 C:\xampp\htdocs\skm2020\vendor\codeigniter4\framework\system\CodeIgniter.php(869): class_exists('\\App\\Controller...', true)
#5 C:\xampp\htdocs\skm2020\vendor\codeigniter4\framework\system\CodeIgniter.php(394): CodeIgniter\CodeIgniter->startController()
#6 C:\xampp\htdocs\skm2020\vendor\codeigniter4\framework\system\CodeIgniter.php(312): CodeIgniter\CodeIgniter->handleRequest(NULL, Object(Config\Cache), false)
#7 C:\xampp\htdocs\skm2020\public\index.php(45): CodeIgniter\CodeIgniter->run()
#8 C:\xampp\htdocs\skm2020\vendor\codeigniter4\framework\system\Commands\Server\rewrite.php(34): require_once('C:\\xampp\\htdocs...')
#9 {main}
CRITICAL - 2020-11-09 05:58:53 --> Allowed fields must be specified for model: App\Models\Jawab
#0 C:\xampp\htdocs\skm2020\vendor\codeigniter4\framework\system\Model.php(1265): CodeIgniter\Database\Exceptions\DataException::forInvalidAllowedFields('App\\Models\\Jawa...')
#1 C:\xampp\htdocs\skm2020\vendor\codeigniter4\framework\system\Model.php(735): CodeIgniter\Model->doProtectFields(Array)
#2 C:\xampp\htdocs\skm2020\app\Models\Jawab.php(33): CodeIgniter\Model->insert(Array)
#3 C:\xampp\htdocs\skm2020\app\Controllers\Admin\Jawaban.php(45): App\Models\Jawab->createData(Array)
#4 C:\xampp\htdocs\skm2020\vendor\codeigniter4\framework\system\CodeIgniter.php(918): App\Controllers\Admin\Jawaban->create()
#5 C:\xampp\htdocs\skm2020\vendor\codeigniter4\framework\system\CodeIgniter.php(404): CodeIgniter\CodeIgniter->runController(Object(App\Controllers\Admin\Jawaban))
#6 C:\xampp\htdocs\skm2020\vendor\codeigniter4\framework\system\CodeIgniter.php(312): CodeIgniter\CodeIgniter->handleRequest(NULL, Object(Config\Cache), false)
#7 C:\xampp\htdocs\skm2020\public\index.php(45): CodeIgniter\CodeIgniter->run()
#8 C:\xampp\htdocs\skm2020\vendor\codeigniter4\framework\system\Commands\Server\rewrite.php(34): require_once('C:\\xampp\\htdocs...')
#9 {main}
CRITICAL - 2020-11-09 05:59:18 --> Allowed fields must be specified for model: App\Models\Jawab
#0 C:\xampp\htdocs\skm2020\vendor\codeigniter4\framework\system\Model.php(1265): CodeIgniter\Database\Exceptions\DataException::forInvalidAllowedFields('App\\Models\\Jawa...')
#1 C:\xampp\htdocs\skm2020\vendor\codeigniter4\framework\system\Model.php(735): CodeIgniter\Model->doProtectFields(Array)
#2 C:\xampp\htdocs\skm2020\vendor\codeigniter4\framework\system\Model.php(574): CodeIgniter\Model->insert(Array, false)
#3 C:\xampp\htdocs\skm2020\app\Controllers\Admin\Jawaban.php(45): CodeIgniter\Model->save(Array)
#4 C:\xampp\htdocs\skm2020\vendor\codeigniter4\framework\system\CodeIgniter.php(918): App\Controllers\Admin\Jawaban->create()
#5 C:\xampp\htdocs\skm2020\vendor\codeigniter4\framework\system\CodeIgniter.php(404): CodeIgniter\CodeIgniter->runController(Object(App\Controllers\Admin\Jawaban))
#6 C:\xampp\htdocs\skm2020\vendor\codeigniter4\framework\system\CodeIgniter.php(312): CodeIgniter\CodeIgniter->handleRequest(NULL, Object(Config\Cache), false)
#7 C:\xampp\htdocs\skm2020\public\index.php(45): CodeIgniter\CodeIgniter->run()
#8 C:\xampp\htdocs\skm2020\vendor\codeigniter4\framework\system\Commands\Server\rewrite.php(34): require_once('C:\\xampp\\htdocs...')
#9 {main}
CRITICAL - 2020-11-09 05:59:25 --> Allowed fields must be specified for model: App\Models\Jawab
#0 C:\xampp\htdocs\skm2020\vendor\codeigniter4\framework\system\Model.php(1265): CodeIgniter\Database\Exceptions\DataException::forInvalidAllowedFields('App\\Models\\Jawa...')
#1 C:\xampp\htdocs\skm2020\vendor\codeigniter4\framework\system\Model.php(735): CodeIgniter\Model->doProtectFields(Array)
#2 C:\xampp\htdocs\skm2020\vendor\codeigniter4\framework\system\Model.php(574): CodeIgniter\Model->insert(Array, false)
#3 C:\xampp\htdocs\skm2020\app\Controllers\Admin\Jawaban.php(45): CodeIgniter\Model->save(Array)
#4 C:\xampp\htdocs\skm2020\vendor\codeigniter4\framework\system\CodeIgniter.php(918): App\Controllers\Admin\Jawaban->create()
#5 C:\xampp\htdocs\skm2020\vendor\codeigniter4\framework\system\CodeIgniter.php(404): CodeIgniter\CodeIgniter->runController(Object(App\Controllers\Admin\Jawaban))
#6 C:\xampp\htdocs\skm2020\vendor\codeigniter4\framework\system\CodeIgniter.php(312): CodeIgniter\CodeIgniter->handleRequest(NULL, Object(Config\Cache), false)
#7 C:\xampp\htdocs\skm2020\public\index.php(45): CodeIgniter\CodeIgniter->run()
#8 C:\xampp\htdocs\skm2020\vendor\codeigniter4\framework\system\Commands\Server\rewrite.php(34): require_once('C:\\xampp\\htdocs...')
#9 {main}
