CRITICAL - 2020-11-26 21:14:37 --> Undefined variable: title
#0 C:\xampp\htdocs\skm2020\app\Views\admin\layouts\template.php(7): CodeIgniter\Debug\Exceptions->errorHandler(8, 'Undefined varia...', 'C:\\xampp\\htdocs...', 7, Array)
#1 C:\xampp\htdocs\skm2020\vendor\codeigniter4\framework\system\View\View.php(246): include('C:\\xampp\\htdocs...')
#2 C:\xampp\htdocs\skm2020\vendor\codeigniter4\framework\system\View\View.php(257): CodeIgniter\View\View->render('admin/layouts/t...', Array, true)
#3 C:\xampp\htdocs\skm2020\vendor\codeigniter4\framework\system\Common.php(1119): CodeIgniter\View\View->render('admin/index', Array, true)
#4 C:\xampp\htdocs\skm2020\app\Controllers\Testing.php(9): view('admin/index')
#5 C:\xampp\htdocs\skm2020\vendor\codeigniter4\framework\system\CodeIgniter.php(918): App\Controllers\Testing->index()
#6 C:\xampp\htdocs\skm2020\vendor\codeigniter4\framework\system\CodeIgniter.php(404): CodeIgniter\CodeIgniter->runController(Object(App\Controllers\Testing))
#7 C:\xampp\htdocs\skm2020\vendor\codeigniter4\framework\system\CodeIgniter.php(312): CodeIgniter\CodeIgniter->handleRequest(NULL, Object(Config\Cache), false)
#8 C:\xampp\htdocs\skm2020\public\index.php(45): CodeIgniter\CodeIgniter->run()
#9 C:\xampp\htdocs\skm2020\vendor\codeigniter4\framework\system\Commands\Server\rewrite.php(34): require_once('C:\\xampp\\htdocs...')
#10 {main}
CRITICAL - 2020-11-26 21:19:58 --> Undefined variable: title
#0 C:\xampp\htdocs\skm2020\app\Views\admin\layouts\template.php(7): CodeIgniter\Debug\Exceptions->errorHandler(8, 'Undefined varia...', 'C:\\xampp\\htdocs...', 7, Array)
#1 C:\xampp\htdocs\skm2020\vendor\codeigniter4\framework\system\View\View.php(246): include('C:\\xampp\\htdocs...')
#2 C:\xampp\htdocs\skm2020\vendor\codeigniter4\framework\system\View\View.php(257): CodeIgniter\View\View->render('admin/layouts/t...', Array, true)
#3 C:\xampp\htdocs\skm2020\vendor\codeigniter4\framework\system\Common.php(1119): CodeIgniter\View\View->render('admin/index', Array, true)
#4 C:\xampp\htdocs\skm2020\app\Controllers\Testing.php(9): view('admin/index')
#5 C:\xampp\htdocs\skm2020\vendor\codeigniter4\framework\system\CodeIgniter.php(918): App\Controllers\Testing->index()
#6 C:\xampp\htdocs\skm2020\vendor\codeigniter4\framework\system\CodeIgniter.php(404): CodeIgniter\CodeIgniter->runController(Object(App\Controllers\Testing))
#7 C:\xampp\htdocs\skm2020\vendor\codeigniter4\framework\system\CodeIgniter.php(312): CodeIgniter\CodeIgniter->handleRequest(NULL, Object(Config\Cache), false)
#8 C:\xampp\htdocs\skm2020\public\index.php(45): CodeIgniter\CodeIgniter->run()
#9 C:\xampp\htdocs\skm2020\vendor\codeigniter4\framework\system\Commands\Server\rewrite.php(34): require_once('C:\\xampp\\htdocs...')
#10 {main}
CRITICAL - 2020-11-26 21:20:00 --> Undefined variable: title
#0 C:\xampp\htdocs\skm2020\app\Views\admin\layouts\template.php(7): CodeIgniter\Debug\Exceptions->errorHandler(8, 'Undefined varia...', 'C:\\xampp\\htdocs...', 7, Array)
#1 C:\xampp\htdocs\skm2020\vendor\codeigniter4\framework\system\View\View.php(246): include('C:\\xampp\\htdocs...')
#2 C:\xampp\htdocs\skm2020\vendor\codeigniter4\framework\system\View\View.php(257): CodeIgniter\View\View->render('admin/layouts/t...', Array, true)
#3 C:\xampp\htdocs\skm2020\vendor\codeigniter4\framework\system\Common.php(1119): CodeIgniter\View\View->render('admin/index', Array, true)
#4 C:\xampp\htdocs\skm2020\app\Controllers\Testing.php(9): view('admin/index')
#5 C:\xampp\htdocs\skm2020\vendor\codeigniter4\framework\system\CodeIgniter.php(918): App\Controllers\Testing->index()
#6 C:\xampp\htdocs\skm2020\vendor\codeigniter4\framework\system\CodeIgniter.php(404): CodeIgniter\CodeIgniter->runController(Object(App\Controllers\Testing))
#7 C:\xampp\htdocs\skm2020\vendor\codeigniter4\framework\system\CodeIgniter.php(312): CodeIgniter\CodeIgniter->handleRequest(NULL, Object(Config\Cache), false)
#8 C:\xampp\htdocs\skm2020\public\index.php(45): CodeIgniter\CodeIgniter->run()
#9 C:\xampp\htdocs\skm2020\vendor\codeigniter4\framework\system\Commands\Server\rewrite.php(34): require_once('C:\\xampp\\htdocs...')
#10 {main}
CRITICAL - 2020-11-26 21:29:43 --> Undefined variable: title
#0 C:\xampp\htdocs\skm2020\app\Views\admin\layouts\template.php(7): CodeIgniter\Debug\Exceptions->errorHandler(8, 'Undefined varia...', 'C:\\xampp\\htdocs...', 7, Array)
#1 C:\xampp\htdocs\skm2020\vendor\codeigniter4\framework\system\View\View.php(246): include('C:\\xampp\\htdocs...')
#2 C:\xampp\htdocs\skm2020\vendor\codeigniter4\framework\system\View\View.php(257): CodeIgniter\View\View->render('admin/layouts/t...', Array, true)
#3 C:\xampp\htdocs\skm2020\vendor\codeigniter4\framework\system\Common.php(1119): CodeIgniter\View\View->render('admin/index', Array, true)
#4 C:\xampp\htdocs\skm2020\app\Controllers\Testing.php(9): view('admin/index')
#5 C:\xampp\htdocs\skm2020\vendor\codeigniter4\framework\system\CodeIgniter.php(918): App\Controllers\Testing->index()
#6 C:\xampp\htdocs\skm2020\vendor\codeigniter4\framework\system\CodeIgniter.php(404): CodeIgniter\CodeIgniter->runController(Object(App\Controllers\Testing))
#7 C:\xampp\htdocs\skm2020\vendor\codeigniter4\framework\system\CodeIgniter.php(312): CodeIgniter\CodeIgniter->handleRequest(NULL, Object(Config\Cache), false)
#8 C:\xampp\htdocs\skm2020\public\index.php(45): CodeIgniter\CodeIgniter->run()
#9 C:\xampp\htdocs\skm2020\vendor\codeigniter4\framework\system\Commands\Server\rewrite.php(34): require_once('C:\\xampp\\htdocs...')
#10 {main}
CRITICAL - 2020-11-26 21:32:09 --> Undefined variable: title
#0 C:\xampp\htdocs\skm2020\app\Views\admin\layouts\template.php(7): CodeIgniter\Debug\Exceptions->errorHandler(8, 'Undefined varia...', 'C:\\xampp\\htdocs...', 7, Array)
#1 C:\xampp\htdocs\skm2020\vendor\codeigniter4\framework\system\View\View.php(246): include('C:\\xampp\\htdocs...')
#2 C:\xampp\htdocs\skm2020\vendor\codeigniter4\framework\system\View\View.php(257): CodeIgniter\View\View->render('admin/layouts/t...', Array, true)
#3 C:\xampp\htdocs\skm2020\vendor\codeigniter4\framework\system\Common.php(1119): CodeIgniter\View\View->render('admin/index', Array, true)
#4 C:\xampp\htdocs\skm2020\app\Controllers\Testing.php(10): view('admin/index')
#5 C:\xampp\htdocs\skm2020\vendor\codeigniter4\framework\system\CodeIgniter.php(918): App\Controllers\Testing->index()
#6 C:\xampp\htdocs\skm2020\vendor\codeigniter4\framework\system\CodeIgniter.php(404): CodeIgniter\CodeIgniter->runController(Object(App\Controllers\Testing))
#7 C:\xampp\htdocs\skm2020\vendor\codeigniter4\framework\system\CodeIgniter.php(312): CodeIgniter\CodeIgniter->handleRequest(NULL, Object(Config\Cache), false)
#8 C:\xampp\htdocs\skm2020\public\index.php(45): CodeIgniter\CodeIgniter->run()
#9 C:\xampp\htdocs\skm2020\vendor\codeigniter4\framework\system\Commands\Server\rewrite.php(34): require_once('C:\\xampp\\htdocs...')
#10 {main}
CRITICAL - 2020-11-26 21:32:11 --> Undefined variable: title
#0 C:\xampp\htdocs\skm2020\app\Views\admin\layouts\template.php(7): CodeIgniter\Debug\Exceptions->errorHandler(8, 'Undefined varia...', 'C:\\xampp\\htdocs...', 7, Array)
#1 C:\xampp\htdocs\skm2020\vendor\codeigniter4\framework\system\View\View.php(246): include('C:\\xampp\\htdocs...')
#2 C:\xampp\htdocs\skm2020\vendor\codeigniter4\framework\system\View\View.php(257): CodeIgniter\View\View->render('admin/layouts/t...', Array, true)
#3 C:\xampp\htdocs\skm2020\vendor\codeigniter4\framework\system\Common.php(1119): CodeIgniter\View\View->render('admin/index', Array, true)
#4 C:\xampp\htdocs\skm2020\app\Controllers\Testing.php(10): view('admin/index')
#5 C:\xampp\htdocs\skm2020\vendor\codeigniter4\framework\system\CodeIgniter.php(918): App\Controllers\Testing->index()
#6 C:\xampp\htdocs\skm2020\vendor\codeigniter4\framework\system\CodeIgniter.php(404): CodeIgniter\CodeIgniter->runController(Object(App\Controllers\Testing))
#7 C:\xampp\htdocs\skm2020\vendor\codeigniter4\framework\system\CodeIgniter.php(312): CodeIgniter\CodeIgniter->handleRequest(NULL, Object(Config\Cache), false)
#8 C:\xampp\htdocs\skm2020\public\index.php(45): CodeIgniter\CodeIgniter->run()
#9 C:\xampp\htdocs\skm2020\vendor\codeigniter4\framework\system\Commands\Server\rewrite.php(34): require_once('C:\\xampp\\htdocs...')
#10 {main}
CRITICAL - 2020-11-26 21:32:13 --> Undefined variable: title
#0 C:\xampp\htdocs\skm2020\app\Views\admin\layouts\template.php(7): CodeIgniter\Debug\Exceptions->errorHandler(8, 'Undefined varia...', 'C:\\xampp\\htdocs...', 7, Array)
#1 C:\xampp\htdocs\skm2020\vendor\codeigniter4\framework\system\View\View.php(246): include('C:\\xampp\\htdocs...')
#2 C:\xampp\htdocs\skm2020\vendor\codeigniter4\framework\system\View\View.php(257): CodeIgniter\View\View->render('admin/layouts/t...', Array, true)
#3 C:\xampp\htdocs\skm2020\vendor\codeigniter4\framework\system\Common.php(1119): CodeIgniter\View\View->render('admin/index', Array, true)
#4 C:\xampp\htdocs\skm2020\app\Controllers\Testing.php(10): view('admin/index')
#5 C:\xampp\htdocs\skm2020\vendor\codeigniter4\framework\system\CodeIgniter.php(918): App\Controllers\Testing->index()
#6 C:\xampp\htdocs\skm2020\vendor\codeigniter4\framework\system\CodeIgniter.php(404): CodeIgniter\CodeIgniter->runController(Object(App\Controllers\Testing))
#7 C:\xampp\htdocs\skm2020\vendor\codeigniter4\framework\system\CodeIgniter.php(312): CodeIgniter\CodeIgniter->handleRequest(NULL, Object(Config\Cache), false)
#8 C:\xampp\htdocs\skm2020\public\index.php(45): CodeIgniter\CodeIgniter->run()
#9 C:\xampp\htdocs\skm2020\vendor\codeigniter4\framework\system\Commands\Server\rewrite.php(34): require_once('C:\\xampp\\htdocs...')
#10 {main}
CRITICAL - 2020-11-26 21:32:50 --> Too few arguments to function App\Controllers\Survei::index(), 0 passed in C:\xampp\htdocs\skm2020\vendor\codeigniter4\framework\system\CodeIgniter.php on line 918 and exactly 1 expected
#0 C:\xampp\htdocs\skm2020\vendor\codeigniter4\framework\system\CodeIgniter.php(918): App\Controllers\Survei->index()
#1 C:\xampp\htdocs\skm2020\vendor\codeigniter4\framework\system\CodeIgniter.php(404): CodeIgniter\CodeIgniter->runController(Object(App\Controllers\Survei))
#2 C:\xampp\htdocs\skm2020\vendor\codeigniter4\framework\system\CodeIgniter.php(312): CodeIgniter\CodeIgniter->handleRequest(NULL, Object(Config\Cache), false)
#3 C:\xampp\htdocs\skm2020\public\index.php(45): CodeIgniter\CodeIgniter->run()
#4 C:\xampp\htdocs\skm2020\vendor\codeigniter4\framework\system\Commands\Server\rewrite.php(34): require_once('C:\\xampp\\htdocs...')
#5 {main}
