CRITICAL - 2021-02-13 00:10:42 --> Undefined index: email
#0 C:\xampp\htdocs\skm2020\app\Controllers\Home.php(23): CodeIgniter\Debug\Exceptions->errorHandler(8, 'Undefined index...', 'C:\\xampp\\htdocs...', 23, Array)
#1 C:\xampp\htdocs\skm2020\vendor\codeigniter4\framework\system\CodeIgniter.php(918): App\Controllers\Home->LoginProcess()
#2 C:\xampp\htdocs\skm2020\vendor\codeigniter4\framework\system\CodeIgniter.php(404): CodeIgniter\CodeIgniter->runController(Object(App\Controllers\Home))
#3 C:\xampp\htdocs\skm2020\vendor\codeigniter4\framework\system\CodeIgniter.php(312): CodeIgniter\CodeIgniter->handleRequest(NULL, Object(Config\Cache), false)
#4 C:\xampp\htdocs\skm2020\public\index.php(45): CodeIgniter\CodeIgniter->run()
#5 C:\xampp\htdocs\skm2020\vendor\codeigniter4\framework\system\Commands\Server\rewrite.php(34): require_once('C:\\xampp\\htdocs...')
#6 {main}
CRITICAL - 2021-02-13 00:12:01 --> Undefined index: email
#0 C:\xampp\htdocs\skm2020\app\Controllers\Home.php(23): CodeIgniter\Debug\Exceptions->errorHandler(8, 'Undefined index...', 'C:\\xampp\\htdocs...', 23, Array)
#1 C:\xampp\htdocs\skm2020\vendor\codeigniter4\framework\system\CodeIgniter.php(918): App\Controllers\Home->LoginProcess()
#2 C:\xampp\htdocs\skm2020\vendor\codeigniter4\framework\system\CodeIgniter.php(404): CodeIgniter\CodeIgniter->runController(Object(App\Controllers\Home))
#3 C:\xampp\htdocs\skm2020\vendor\codeigniter4\framework\system\CodeIgniter.php(312): CodeIgniter\CodeIgniter->handleRequest(NULL, Object(Config\Cache), false)
#4 C:\xampp\htdocs\skm2020\public\index.php(45): CodeIgniter\CodeIgniter->run()
#5 C:\xampp\htdocs\skm2020\vendor\codeigniter4\framework\system\Commands\Server\rewrite.php(34): require_once('C:\\xampp\\htdocs...')
#6 {main}
CRITICAL - 2021-02-13 00:12:52 --> Undefined index: email
#0 C:\xampp\htdocs\skm2020\app\Controllers\Home.php(23): CodeIgniter\Debug\Exceptions->errorHandler(8, 'Undefined index...', 'C:\\xampp\\htdocs...', 23, Array)
#1 C:\xampp\htdocs\skm2020\vendor\codeigniter4\framework\system\CodeIgniter.php(918): App\Controllers\Home->LoginProcess()
#2 C:\xampp\htdocs\skm2020\vendor\codeigniter4\framework\system\CodeIgniter.php(404): CodeIgniter\CodeIgniter->runController(Object(App\Controllers\Home))
#3 C:\xampp\htdocs\skm2020\vendor\codeigniter4\framework\system\CodeIgniter.php(312): CodeIgniter\CodeIgniter->handleRequest(NULL, Object(Config\Cache), false)
#4 C:\xampp\htdocs\skm2020\public\index.php(45): CodeIgniter\CodeIgniter->run()
#5 C:\xampp\htdocs\skm2020\vendor\codeigniter4\framework\system\Commands\Server\rewrite.php(34): require_once('C:\\xampp\\htdocs...')
#6 {main}
CRITICAL - 2021-02-13 00:12:53 --> Undefined index: email
#0 C:\xampp\htdocs\skm2020\app\Controllers\Home.php(23): CodeIgniter\Debug\Exceptions->errorHandler(8, 'Undefined index...', 'C:\\xampp\\htdocs...', 23, Array)
#1 C:\xampp\htdocs\skm2020\vendor\codeigniter4\framework\system\CodeIgniter.php(918): App\Controllers\Home->LoginProcess()
#2 C:\xampp\htdocs\skm2020\vendor\codeigniter4\framework\system\CodeIgniter.php(404): CodeIgniter\CodeIgniter->runController(Object(App\Controllers\Home))
#3 C:\xampp\htdocs\skm2020\vendor\codeigniter4\framework\system\CodeIgniter.php(312): CodeIgniter\CodeIgniter->handleRequest(NULL, Object(Config\Cache), false)
#4 C:\xampp\htdocs\skm2020\public\index.php(45): CodeIgniter\CodeIgniter->run()
#5 C:\xampp\htdocs\skm2020\vendor\codeigniter4\framework\system\Commands\Server\rewrite.php(34): require_once('C:\\xampp\\htdocs...')
#6 {main}
CRITICAL - 2021-02-13 02:08:14 --> syntax error, unexpected ']'
#0 C:\xampp\htdocs\skm2020\vendor\codeigniter4\framework\system\Autoloader\Autoloader.php(296): CodeIgniter\Autoloader\Autoloader->requireFile('C:\\xampp\\htdocs...')
#1 C:\xampp\htdocs\skm2020\vendor\codeigniter4\framework\system\Autoloader\Autoloader.php(258): CodeIgniter\Autoloader\Autoloader->loadInNamespace('App\\Controllers...')
#2 [internal function]: CodeIgniter\Autoloader\Autoloader->loadClass('App\\Controllers...')
#3 [internal function]: spl_autoload_call('App\\Controllers...')
#4 C:\xampp\htdocs\skm2020\vendor\codeigniter4\framework\system\CodeIgniter.php(869): class_exists('\\App\\Controller...', true)
#5 C:\xampp\htdocs\skm2020\vendor\codeigniter4\framework\system\CodeIgniter.php(394): CodeIgniter\CodeIgniter->startController()
#6 C:\xampp\htdocs\skm2020\vendor\codeigniter4\framework\system\CodeIgniter.php(312): CodeIgniter\CodeIgniter->handleRequest(NULL, Object(Config\Cache), false)
#7 C:\xampp\htdocs\skm2020\public\index.php(45): CodeIgniter\CodeIgniter->run()
#8 C:\xampp\htdocs\skm2020\vendor\codeigniter4\framework\system\Commands\Server\rewrite.php(34): require_once('C:\\xampp\\htdocs...')
#9 {main}
CRITICAL - 2021-02-13 02:09:09 --> Undefined property: CodeIgniter\View\View::$PertanyaanModel
#0 C:\xampp\htdocs\skm2020\app\Views\survei.php(12): CodeIgniter\Debug\Exceptions->errorHandler(8, 'Undefined prope...', 'C:\\xampp\\htdocs...', 12, Array)
#1 C:\xampp\htdocs\skm2020\vendor\codeigniter4\framework\system\View\View.php(246): include('C:\\xampp\\htdocs...')
#2 C:\xampp\htdocs\skm2020\vendor\codeigniter4\framework\system\Common.php(1119): CodeIgniter\View\View->render('survei', Array, true)
#3 C:\xampp\htdocs\skm2020\app\Controllers\Survei.php(37): view('survei', Array)
#4 C:\xampp\htdocs\skm2020\vendor\codeigniter4\framework\system\CodeIgniter.php(918): App\Controllers\Survei->index('Komunikasi', 'survei-kualitas...')
#5 C:\xampp\htdocs\skm2020\vendor\codeigniter4\framework\system\CodeIgniter.php(404): CodeIgniter\CodeIgniter->runController(Object(App\Controllers\Survei))
#6 C:\xampp\htdocs\skm2020\vendor\codeigniter4\framework\system\CodeIgniter.php(312): CodeIgniter\CodeIgniter->handleRequest(NULL, Object(Config\Cache), false)
#7 C:\xampp\htdocs\skm2020\public\index.php(45): CodeIgniter\CodeIgniter->run()
#8 C:\xampp\htdocs\skm2020\vendor\codeigniter4\framework\system\Commands\Server\rewrite.php(34): require_once('C:\\xampp\\htdocs...')
#9 {main}
CRITICAL - 2021-02-13 02:09:26 --> Undefined property: CodeIgniter\View\View::$PertanyaanModel
#0 C:\xampp\htdocs\skm2020\app\Views\survei.php(12): CodeIgniter\Debug\Exceptions->errorHandler(8, 'Undefined prope...', 'C:\\xampp\\htdocs...', 12, Array)
#1 C:\xampp\htdocs\skm2020\vendor\codeigniter4\framework\system\View\View.php(246): include('C:\\xampp\\htdocs...')
#2 C:\xampp\htdocs\skm2020\vendor\codeigniter4\framework\system\Common.php(1119): CodeIgniter\View\View->render('survei', Array, true)
#3 C:\xampp\htdocs\skm2020\app\Controllers\Survei.php(37): view('survei', Array)
#4 C:\xampp\htdocs\skm2020\vendor\codeigniter4\framework\system\CodeIgniter.php(918): App\Controllers\Survei->index('Komunikasi', 'survei-kualitas...')
#5 C:\xampp\htdocs\skm2020\vendor\codeigniter4\framework\system\CodeIgniter.php(404): CodeIgniter\CodeIgniter->runController(Object(App\Controllers\Survei))
#6 C:\xampp\htdocs\skm2020\vendor\codeigniter4\framework\system\CodeIgniter.php(312): CodeIgniter\CodeIgniter->handleRequest(NULL, Object(Config\Cache), false)
#7 C:\xampp\htdocs\skm2020\public\index.php(45): CodeIgniter\CodeIgniter->run()
#8 C:\xampp\htdocs\skm2020\vendor\codeigniter4\framework\system\Commands\Server\rewrite.php(34): require_once('C:\\xampp\\htdocs...')
#9 {main}
CRITICAL - 2021-02-13 02:09:41 --> Undefined property: CodeIgniter\View\View::$Pertanyaan
#0 C:\xampp\htdocs\skm2020\app\Views\survei.php(12): CodeIgniter\Debug\Exceptions->errorHandler(8, 'Undefined prope...', 'C:\\xampp\\htdocs...', 12, Array)
#1 C:\xampp\htdocs\skm2020\vendor\codeigniter4\framework\system\View\View.php(246): include('C:\\xampp\\htdocs...')
#2 C:\xampp\htdocs\skm2020\vendor\codeigniter4\framework\system\Common.php(1119): CodeIgniter\View\View->render('survei', Array, true)
#3 C:\xampp\htdocs\skm2020\app\Controllers\Survei.php(37): view('survei', Array)
#4 C:\xampp\htdocs\skm2020\vendor\codeigniter4\framework\system\CodeIgniter.php(918): App\Controllers\Survei->index('Komunikasi', 'survei-kualitas...')
#5 C:\xampp\htdocs\skm2020\vendor\codeigniter4\framework\system\CodeIgniter.php(404): CodeIgniter\CodeIgniter->runController(Object(App\Controllers\Survei))
#6 C:\xampp\htdocs\skm2020\vendor\codeigniter4\framework\system\CodeIgniter.php(312): CodeIgniter\CodeIgniter->handleRequest(NULL, Object(Config\Cache), false)
#7 C:\xampp\htdocs\skm2020\public\index.php(45): CodeIgniter\CodeIgniter->run()
#8 C:\xampp\htdocs\skm2020\vendor\codeigniter4\framework\system\Commands\Server\rewrite.php(34): require_once('C:\\xampp\\htdocs...')
#9 {main}
CRITICAL - 2021-02-13 02:11:53 --> syntax error, unexpected '>'
#0 C:\xampp\htdocs\skm2020\vendor\codeigniter4\framework\system\Common.php(1119): CodeIgniter\View\View->render('survei', Array, true)
#1 C:\xampp\htdocs\skm2020\app\Controllers\Survei.php(39): view('survei', Array)
#2 C:\xampp\htdocs\skm2020\vendor\codeigniter4\framework\system\CodeIgniter.php(918): App\Controllers\Survei->index('Komunikasi', 'survei-kualitas...')
#3 C:\xampp\htdocs\skm2020\vendor\codeigniter4\framework\system\CodeIgniter.php(404): CodeIgniter\CodeIgniter->runController(Object(App\Controllers\Survei))
#4 C:\xampp\htdocs\skm2020\vendor\codeigniter4\framework\system\CodeIgniter.php(312): CodeIgniter\CodeIgniter->handleRequest(NULL, Object(Config\Cache), false)
#5 C:\xampp\htdocs\skm2020\public\index.php(45): CodeIgniter\CodeIgniter->run()
#6 C:\xampp\htdocs\skm2020\vendor\codeigniter4\framework\system\Commands\Server\rewrite.php(34): require_once('C:\\xampp\\htdocs...')
#7 {main}
CRITICAL - 2021-02-13 02:14:06 --> Array to string conversion
#0 C:\xampp\htdocs\skm2020\app\Views\survei.php(15): CodeIgniter\Debug\Exceptions->errorHandler(8, 'Array to string...', 'C:\\xampp\\htdocs...', 15, Array)
#1 C:\xampp\htdocs\skm2020\vendor\codeigniter4\framework\system\View\View.php(246): include('C:\\xampp\\htdocs...')
#2 C:\xampp\htdocs\skm2020\vendor\codeigniter4\framework\system\Common.php(1119): CodeIgniter\View\View->render('survei', Array, true)
#3 C:\xampp\htdocs\skm2020\app\Controllers\Survei.php(39): view('survei', Array)
#4 C:\xampp\htdocs\skm2020\vendor\codeigniter4\framework\system\CodeIgniter.php(918): App\Controllers\Survei->index('Komunikasi', 'survei-kualitas...')
#5 C:\xampp\htdocs\skm2020\vendor\codeigniter4\framework\system\CodeIgniter.php(404): CodeIgniter\CodeIgniter->runController(Object(App\Controllers\Survei))
#6 C:\xampp\htdocs\skm2020\vendor\codeigniter4\framework\system\CodeIgniter.php(312): CodeIgniter\CodeIgniter->handleRequest(NULL, Object(Config\Cache), false)
#7 C:\xampp\htdocs\skm2020\public\index.php(45): CodeIgniter\CodeIgniter->run()
#8 C:\xampp\htdocs\skm2020\vendor\codeigniter4\framework\system\Commands\Server\rewrite.php(34): require_once('C:\\xampp\\htdocs...')
#9 {main}
CRITICAL - 2021-02-13 02:14:10 --> Trying to get property 'pertanyaan' of non-object
#0 C:\xampp\htdocs\skm2020\app\Views\survei.php(15): CodeIgniter\Debug\Exceptions->errorHandler(8, 'Trying to get p...', 'C:\\xampp\\htdocs...', 15, Array)
#1 C:\xampp\htdocs\skm2020\vendor\codeigniter4\framework\system\View\View.php(246): include('C:\\xampp\\htdocs...')
#2 C:\xampp\htdocs\skm2020\vendor\codeigniter4\framework\system\Common.php(1119): CodeIgniter\View\View->render('survei', Array, true)
#3 C:\xampp\htdocs\skm2020\app\Controllers\Survei.php(39): view('survei', Array)
#4 C:\xampp\htdocs\skm2020\vendor\codeigniter4\framework\system\CodeIgniter.php(918): App\Controllers\Survei->index('Komunikasi', 'survei-kualitas...')
#5 C:\xampp\htdocs\skm2020\vendor\codeigniter4\framework\system\CodeIgniter.php(404): CodeIgniter\CodeIgniter->runController(Object(App\Controllers\Survei))
#6 C:\xampp\htdocs\skm2020\vendor\codeigniter4\framework\system\CodeIgniter.php(312): CodeIgniter\CodeIgniter->handleRequest(NULL, Object(Config\Cache), false)
#7 C:\xampp\htdocs\skm2020\public\index.php(45): CodeIgniter\CodeIgniter->run()
#8 C:\xampp\htdocs\skm2020\vendor\codeigniter4\framework\system\Commands\Server\rewrite.php(34): require_once('C:\\xampp\\htdocs...')
#9 {main}
CRITICAL - 2021-02-13 02:14:31 --> Trying to get property 'pertanyaan' of non-object
#0 C:\xampp\htdocs\skm2020\app\Views\survei.php(15): CodeIgniter\Debug\Exceptions->errorHandler(8, 'Trying to get p...', 'C:\\xampp\\htdocs...', 15, Array)
#1 C:\xampp\htdocs\skm2020\vendor\codeigniter4\framework\system\View\View.php(246): include('C:\\xampp\\htdocs...')
#2 C:\xampp\htdocs\skm2020\vendor\codeigniter4\framework\system\Common.php(1119): CodeIgniter\View\View->render('survei', Array, true)
#3 C:\xampp\htdocs\skm2020\app\Controllers\Survei.php(39): view('survei', Array)
#4 C:\xampp\htdocs\skm2020\vendor\codeigniter4\framework\system\CodeIgniter.php(918): App\Controllers\Survei->index('Komunikasi', 'survei-kualitas...')
#5 C:\xampp\htdocs\skm2020\vendor\codeigniter4\framework\system\CodeIgniter.php(404): CodeIgniter\CodeIgniter->runController(Object(App\Controllers\Survei))
#6 C:\xampp\htdocs\skm2020\vendor\codeigniter4\framework\system\CodeIgniter.php(312): CodeIgniter\CodeIgniter->handleRequest(NULL, Object(Config\Cache), false)
#7 C:\xampp\htdocs\skm2020\public\index.php(45): CodeIgniter\CodeIgniter->run()
#8 C:\xampp\htdocs\skm2020\vendor\codeigniter4\framework\system\Commands\Server\rewrite.php(34): require_once('C:\\xampp\\htdocs...')
#9 {main}
CRITICAL - 2021-02-13 02:15:06 --> Cannot use object of type stdClass as array
#0 C:\xampp\htdocs\skm2020\vendor\codeigniter4\framework\system\View\View.php(246): include()
#1 C:\xampp\htdocs\skm2020\vendor\codeigniter4\framework\system\Common.php(1119): CodeIgniter\View\View->render('survei', Array, true)
#2 C:\xampp\htdocs\skm2020\app\Controllers\Survei.php(39): view('survei', Array)
#3 C:\xampp\htdocs\skm2020\vendor\codeigniter4\framework\system\CodeIgniter.php(918): App\Controllers\Survei->index('Komunikasi', 'survei-kualitas...')
#4 C:\xampp\htdocs\skm2020\vendor\codeigniter4\framework\system\CodeIgniter.php(404): CodeIgniter\CodeIgniter->runController(Object(App\Controllers\Survei))
#5 C:\xampp\htdocs\skm2020\vendor\codeigniter4\framework\system\CodeIgniter.php(312): CodeIgniter\CodeIgniter->handleRequest(NULL, Object(Config\Cache), false)
#6 C:\xampp\htdocs\skm2020\public\index.php(45): CodeIgniter\CodeIgniter->run()
#7 C:\xampp\htdocs\skm2020\vendor\codeigniter4\framework\system\Commands\Server\rewrite.php(34): require_once('C:\\xampp\\htdocs...')
#8 {main}
CRITICAL - 2021-02-13 02:15:31 --> Undefined variable: pertanyaan
#0 C:\xampp\htdocs\skm2020\app\Views\survei.php(10): CodeIgniter\Debug\Exceptions->errorHandler(8, 'Undefined varia...', 'C:\\xampp\\htdocs...', 10, Array)
#1 C:\xampp\htdocs\skm2020\vendor\codeigniter4\framework\system\View\View.php(246): include('C:\\xampp\\htdocs...')
#2 C:\xampp\htdocs\skm2020\vendor\codeigniter4\framework\system\Common.php(1119): CodeIgniter\View\View->render('survei', Array, true)
#3 C:\xampp\htdocs\skm2020\app\Controllers\Survei.php(30): view('survei', Array)
#4 C:\xampp\htdocs\skm2020\vendor\codeigniter4\framework\system\CodeIgniter.php(918): App\Controllers\Survei->index('Komunikasi')
#5 C:\xampp\htdocs\skm2020\vendor\codeigniter4\framework\system\CodeIgniter.php(404): CodeIgniter\CodeIgniter->runController(Object(App\Controllers\Survei))
#6 C:\xampp\htdocs\skm2020\vendor\codeigniter4\framework\system\CodeIgniter.php(312): CodeIgniter\CodeIgniter->handleRequest(NULL, Object(Config\Cache), false)
#7 C:\xampp\htdocs\skm2020\public\index.php(45): CodeIgniter\CodeIgniter->run()
#8 C:\xampp\htdocs\skm2020\vendor\codeigniter4\framework\system\Commands\Server\rewrite.php(34): require_once('C:\\xampp\\htdocs...')
#9 {main}
CRITICAL - 2021-02-13 02:15:34 --> Undefined variable: pertanyaan
#0 C:\xampp\htdocs\skm2020\app\Views\survei.php(10): CodeIgniter\Debug\Exceptions->errorHandler(8, 'Undefined varia...', 'C:\\xampp\\htdocs...', 10, Array)
#1 C:\xampp\htdocs\skm2020\vendor\codeigniter4\framework\system\View\View.php(246): include('C:\\xampp\\htdocs...')
#2 C:\xampp\htdocs\skm2020\vendor\codeigniter4\framework\system\Common.php(1119): CodeIgniter\View\View->render('survei', Array, true)
#3 C:\xampp\htdocs\skm2020\app\Controllers\Survei.php(30): view('survei', Array)
#4 C:\xampp\htdocs\skm2020\vendor\codeigniter4\framework\system\CodeIgniter.php(918): App\Controllers\Survei->index('Komunikasi')
#5 C:\xampp\htdocs\skm2020\vendor\codeigniter4\framework\system\CodeIgniter.php(404): CodeIgniter\CodeIgniter->runController(Object(App\Controllers\Survei))
#6 C:\xampp\htdocs\skm2020\vendor\codeigniter4\framework\system\CodeIgniter.php(312): CodeIgniter\CodeIgniter->handleRequest(NULL, Object(Config\Cache), false)
#7 C:\xampp\htdocs\skm2020\public\index.php(45): CodeIgniter\CodeIgniter->run()
#8 C:\xampp\htdocs\skm2020\vendor\codeigniter4\framework\system\Commands\Server\rewrite.php(34): require_once('C:\\xampp\\htdocs...')
#9 {main}
CRITICAL - 2021-02-13 02:16:02 --> Invalid argument supplied for foreach()
#0 C:\xampp\htdocs\skm2020\app\Views\survei.php(14): CodeIgniter\Debug\Exceptions->errorHandler(2, 'Invalid argumen...', 'C:\\xampp\\htdocs...', 14, Array)
#1 C:\xampp\htdocs\skm2020\vendor\codeigniter4\framework\system\View\View.php(246): include('C:\\xampp\\htdocs...')
#2 C:\xampp\htdocs\skm2020\vendor\codeigniter4\framework\system\Common.php(1119): CodeIgniter\View\View->render('survei', Array, true)
#3 C:\xampp\htdocs\skm2020\app\Controllers\Survei.php(32): view('survei', Array)
#4 C:\xampp\htdocs\skm2020\vendor\codeigniter4\framework\system\CodeIgniter.php(918): App\Controllers\Survei->index('Komunikasi')
#5 C:\xampp\htdocs\skm2020\vendor\codeigniter4\framework\system\CodeIgniter.php(404): CodeIgniter\CodeIgniter->runController(Object(App\Controllers\Survei))
#6 C:\xampp\htdocs\skm2020\vendor\codeigniter4\framework\system\CodeIgniter.php(312): CodeIgniter\CodeIgniter->handleRequest(NULL, Object(Config\Cache), false)
#7 C:\xampp\htdocs\skm2020\public\index.php(45): CodeIgniter\CodeIgniter->run()
#8 C:\xampp\htdocs\skm2020\vendor\codeigniter4\framework\system\Commands\Server\rewrite.php(34): require_once('C:\\xampp\\htdocs...')
#9 {main}
CRITICAL - 2021-02-13 02:16:03 --> Invalid argument supplied for foreach()
#0 C:\xampp\htdocs\skm2020\app\Views\survei.php(14): CodeIgniter\Debug\Exceptions->errorHandler(2, 'Invalid argumen...', 'C:\\xampp\\htdocs...', 14, Array)
#1 C:\xampp\htdocs\skm2020\vendor\codeigniter4\framework\system\View\View.php(246): include('C:\\xampp\\htdocs...')
#2 C:\xampp\htdocs\skm2020\vendor\codeigniter4\framework\system\Common.php(1119): CodeIgniter\View\View->render('survei', Array, true)
#3 C:\xampp\htdocs\skm2020\app\Controllers\Survei.php(32): view('survei', Array)
#4 C:\xampp\htdocs\skm2020\vendor\codeigniter4\framework\system\CodeIgniter.php(918): App\Controllers\Survei->index('Komunikasi')
#5 C:\xampp\htdocs\skm2020\vendor\codeigniter4\framework\system\CodeIgniter.php(404): CodeIgniter\CodeIgniter->runController(Object(App\Controllers\Survei))
#6 C:\xampp\htdocs\skm2020\vendor\codeigniter4\framework\system\CodeIgniter.php(312): CodeIgniter\CodeIgniter->handleRequest(NULL, Object(Config\Cache), false)
#7 C:\xampp\htdocs\skm2020\public\index.php(45): CodeIgniter\CodeIgniter->run()
#8 C:\xampp\htdocs\skm2020\vendor\codeigniter4\framework\system\Commands\Server\rewrite.php(34): require_once('C:\\xampp\\htdocs...')
#9 {main}
CRITICAL - 2021-02-13 02:16:04 --> Invalid argument supplied for foreach()
#0 C:\xampp\htdocs\skm2020\app\Views\survei.php(14): CodeIgniter\Debug\Exceptions->errorHandler(2, 'Invalid argumen...', 'C:\\xampp\\htdocs...', 14, Array)
#1 C:\xampp\htdocs\skm2020\vendor\codeigniter4\framework\system\View\View.php(246): include('C:\\xampp\\htdocs...')
#2 C:\xampp\htdocs\skm2020\vendor\codeigniter4\framework\system\Common.php(1119): CodeIgniter\View\View->render('survei', Array, true)
#3 C:\xampp\htdocs\skm2020\app\Controllers\Survei.php(32): view('survei', Array)
#4 C:\xampp\htdocs\skm2020\vendor\codeigniter4\framework\system\CodeIgniter.php(918): App\Controllers\Survei->index('Komunikasi')
#5 C:\xampp\htdocs\skm2020\vendor\codeigniter4\framework\system\CodeIgniter.php(404): CodeIgniter\CodeIgniter->runController(Object(App\Controllers\Survei))
#6 C:\xampp\htdocs\skm2020\vendor\codeigniter4\framework\system\CodeIgniter.php(312): CodeIgniter\CodeIgniter->handleRequest(NULL, Object(Config\Cache), false)
#7 C:\xampp\htdocs\skm2020\public\index.php(45): CodeIgniter\CodeIgniter->run()
#8 C:\xampp\htdocs\skm2020\vendor\codeigniter4\framework\system\Commands\Server\rewrite.php(34): require_once('C:\\xampp\\htdocs...')
#9 {main}
CRITICAL - 2021-02-13 02:16:45 --> Invalid argument supplied for foreach()
#0 C:\xampp\htdocs\skm2020\app\Views\survei.php(15): CodeIgniter\Debug\Exceptions->errorHandler(2, 'Invalid argumen...', 'C:\\xampp\\htdocs...', 15, Array)
#1 C:\xampp\htdocs\skm2020\vendor\codeigniter4\framework\system\View\View.php(246): include('C:\\xampp\\htdocs...')
#2 C:\xampp\htdocs\skm2020\vendor\codeigniter4\framework\system\Common.php(1119): CodeIgniter\View\View->render('survei', Array, true)
#3 C:\xampp\htdocs\skm2020\app\Controllers\Survei.php(32): view('survei', Array)
#4 C:\xampp\htdocs\skm2020\vendor\codeigniter4\framework\system\CodeIgniter.php(918): App\Controllers\Survei->index('Komunikasi')
#5 C:\xampp\htdocs\skm2020\vendor\codeigniter4\framework\system\CodeIgniter.php(404): CodeIgniter\CodeIgniter->runController(Object(App\Controllers\Survei))
#6 C:\xampp\htdocs\skm2020\vendor\codeigniter4\framework\system\CodeIgniter.php(312): CodeIgniter\CodeIgniter->handleRequest(NULL, Object(Config\Cache), false)
#7 C:\xampp\htdocs\skm2020\public\index.php(45): CodeIgniter\CodeIgniter->run()
#8 C:\xampp\htdocs\skm2020\vendor\codeigniter4\framework\system\Commands\Server\rewrite.php(34): require_once('C:\\xampp\\htdocs...')
#9 {main}
CRITICAL - 2021-02-13 02:16:46 --> Invalid argument supplied for foreach()
#0 C:\xampp\htdocs\skm2020\app\Views\survei.php(15): CodeIgniter\Debug\Exceptions->errorHandler(2, 'Invalid argumen...', 'C:\\xampp\\htdocs...', 15, Array)
#1 C:\xampp\htdocs\skm2020\vendor\codeigniter4\framework\system\View\View.php(246): include('C:\\xampp\\htdocs...')
#2 C:\xampp\htdocs\skm2020\vendor\codeigniter4\framework\system\Common.php(1119): CodeIgniter\View\View->render('survei', Array, true)
#3 C:\xampp\htdocs\skm2020\app\Controllers\Survei.php(32): view('survei', Array)
#4 C:\xampp\htdocs\skm2020\vendor\codeigniter4\framework\system\CodeIgniter.php(918): App\Controllers\Survei->index('Komunikasi')
#5 C:\xampp\htdocs\skm2020\vendor\codeigniter4\framework\system\CodeIgniter.php(404): CodeIgniter\CodeIgniter->runController(Object(App\Controllers\Survei))
#6 C:\xampp\htdocs\skm2020\vendor\codeigniter4\framework\system\CodeIgniter.php(312): CodeIgniter\CodeIgniter->handleRequest(NULL, Object(Config\Cache), false)
#7 C:\xampp\htdocs\skm2020\public\index.php(45): CodeIgniter\CodeIgniter->run()
#8 C:\xampp\htdocs\skm2020\vendor\codeigniter4\framework\system\Commands\Server\rewrite.php(34): require_once('C:\\xampp\\htdocs...')
#9 {main}
CRITICAL - 2021-02-13 02:16:47 --> Invalid argument supplied for foreach()
#0 C:\xampp\htdocs\skm2020\app\Views\survei.php(15): CodeIgniter\Debug\Exceptions->errorHandler(2, 'Invalid argumen...', 'C:\\xampp\\htdocs...', 15, Array)
#1 C:\xampp\htdocs\skm2020\vendor\codeigniter4\framework\system\View\View.php(246): include('C:\\xampp\\htdocs...')
#2 C:\xampp\htdocs\skm2020\vendor\codeigniter4\framework\system\Common.php(1119): CodeIgniter\View\View->render('survei', Array, true)
#3 C:\xampp\htdocs\skm2020\app\Controllers\Survei.php(32): view('survei', Array)
#4 C:\xampp\htdocs\skm2020\vendor\codeigniter4\framework\system\CodeIgniter.php(918): App\Controllers\Survei->index('Komunikasi')
#5 C:\xampp\htdocs\skm2020\vendor\codeigniter4\framework\system\CodeIgniter.php(404): CodeIgniter\CodeIgniter->runController(Object(App\Controllers\Survei))
#6 C:\xampp\htdocs\skm2020\vendor\codeigniter4\framework\system\CodeIgniter.php(312): CodeIgniter\CodeIgniter->handleRequest(NULL, Object(Config\Cache), false)
#7 C:\xampp\htdocs\skm2020\public\index.php(45): CodeIgniter\CodeIgniter->run()
#8 C:\xampp\htdocs\skm2020\vendor\codeigniter4\framework\system\Commands\Server\rewrite.php(34): require_once('C:\\xampp\\htdocs...')
#9 {main}
CRITICAL - 2021-02-13 02:17:21 --> Invalid argument supplied for foreach()
#0 C:\xampp\htdocs\skm2020\app\Views\survei.php(15): CodeIgniter\Debug\Exceptions->errorHandler(2, 'Invalid argumen...', 'C:\\xampp\\htdocs...', 15, Array)
#1 C:\xampp\htdocs\skm2020\vendor\codeigniter4\framework\system\View\View.php(246): include('C:\\xampp\\htdocs...')
#2 C:\xampp\htdocs\skm2020\vendor\codeigniter4\framework\system\Common.php(1119): CodeIgniter\View\View->render('survei', Array, true)
#3 C:\xampp\htdocs\skm2020\app\Controllers\Survei.php(32): view('survei', Array)
#4 C:\xampp\htdocs\skm2020\vendor\codeigniter4\framework\system\CodeIgniter.php(918): App\Controllers\Survei->index('Komunikasi')
#5 C:\xampp\htdocs\skm2020\vendor\codeigniter4\framework\system\CodeIgniter.php(404): CodeIgniter\CodeIgniter->runController(Object(App\Controllers\Survei))
#6 C:\xampp\htdocs\skm2020\vendor\codeigniter4\framework\system\CodeIgniter.php(312): CodeIgniter\CodeIgniter->handleRequest(NULL, Object(Config\Cache), false)
#7 C:\xampp\htdocs\skm2020\public\index.php(45): CodeIgniter\CodeIgniter->run()
#8 C:\xampp\htdocs\skm2020\vendor\codeigniter4\framework\system\Commands\Server\rewrite.php(34): require_once('C:\\xampp\\htdocs...')
#9 {main}
CRITICAL - 2021-02-13 02:17:22 --> Invalid argument supplied for foreach()
#0 C:\xampp\htdocs\skm2020\app\Views\survei.php(15): CodeIgniter\Debug\Exceptions->errorHandler(2, 'Invalid argumen...', 'C:\\xampp\\htdocs...', 15, Array)
#1 C:\xampp\htdocs\skm2020\vendor\codeigniter4\framework\system\View\View.php(246): include('C:\\xampp\\htdocs...')
#2 C:\xampp\htdocs\skm2020\vendor\codeigniter4\framework\system\Common.php(1119): CodeIgniter\View\View->render('survei', Array, true)
#3 C:\xampp\htdocs\skm2020\app\Controllers\Survei.php(32): view('survei', Array)
#4 C:\xampp\htdocs\skm2020\vendor\codeigniter4\framework\system\CodeIgniter.php(918): App\Controllers\Survei->index('Komunikasi')
#5 C:\xampp\htdocs\skm2020\vendor\codeigniter4\framework\system\CodeIgniter.php(404): CodeIgniter\CodeIgniter->runController(Object(App\Controllers\Survei))
#6 C:\xampp\htdocs\skm2020\vendor\codeigniter4\framework\system\CodeIgniter.php(312): CodeIgniter\CodeIgniter->handleRequest(NULL, Object(Config\Cache), false)
#7 C:\xampp\htdocs\skm2020\public\index.php(45): CodeIgniter\CodeIgniter->run()
#8 C:\xampp\htdocs\skm2020\vendor\codeigniter4\framework\system\Commands\Server\rewrite.php(34): require_once('C:\\xampp\\htdocs...')
#9 {main}
CRITICAL - 2021-02-13 02:22:35 --> Undefined variable: pertanyaan
#0 C:\xampp\htdocs\skm2020\app\Views\survei.php(10): CodeIgniter\Debug\Exceptions->errorHandler(8, 'Undefined varia...', 'C:\\xampp\\htdocs...', 10, Array)
#1 C:\xampp\htdocs\skm2020\vendor\codeigniter4\framework\system\View\View.php(246): include('C:\\xampp\\htdocs...')
#2 C:\xampp\htdocs\skm2020\vendor\codeigniter4\framework\system\Common.php(1119): CodeIgniter\View\View->render('survei', Array, true)
#3 C:\xampp\htdocs\skm2020\app\Controllers\Survei.php(38): view('survei', Array)
#4 C:\xampp\htdocs\skm2020\vendor\codeigniter4\framework\system\CodeIgniter.php(918): App\Controllers\Survei->index('Komunikasi', 'survei-kualitas...')
#5 C:\xampp\htdocs\skm2020\vendor\codeigniter4\framework\system\CodeIgniter.php(404): CodeIgniter\CodeIgniter->runController(Object(App\Controllers\Survei))
#6 C:\xampp\htdocs\skm2020\vendor\codeigniter4\framework\system\CodeIgniter.php(312): CodeIgniter\CodeIgniter->handleRequest(NULL, Object(Config\Cache), false)
#7 C:\xampp\htdocs\skm2020\public\index.php(45): CodeIgniter\CodeIgniter->run()
#8 C:\xampp\htdocs\skm2020\vendor\codeigniter4\framework\system\Commands\Server\rewrite.php(34): require_once('C:\\xampp\\htdocs...')
#9 {main}
CRITICAL - 2021-02-13 02:22:38 --> Undefined variable: pertanyaan
#0 C:\xampp\htdocs\skm2020\app\Views\survei.php(10): CodeIgniter\Debug\Exceptions->errorHandler(8, 'Undefined varia...', 'C:\\xampp\\htdocs...', 10, Array)
#1 C:\xampp\htdocs\skm2020\vendor\codeigniter4\framework\system\View\View.php(246): include('C:\\xampp\\htdocs...')
#2 C:\xampp\htdocs\skm2020\vendor\codeigniter4\framework\system\Common.php(1119): CodeIgniter\View\View->render('survei', Array, true)
#3 C:\xampp\htdocs\skm2020\app\Controllers\Survei.php(38): view('survei', Array)
#4 C:\xampp\htdocs\skm2020\vendor\codeigniter4\framework\system\CodeIgniter.php(918): App\Controllers\Survei->index('Komunikasi', 'survei-kualitas...')
#5 C:\xampp\htdocs\skm2020\vendor\codeigniter4\framework\system\CodeIgniter.php(404): CodeIgniter\CodeIgniter->runController(Object(App\Controllers\Survei))
#6 C:\xampp\htdocs\skm2020\vendor\codeigniter4\framework\system\CodeIgniter.php(312): CodeIgniter\CodeIgniter->handleRequest(NULL, Object(Config\Cache), false)
#7 C:\xampp\htdocs\skm2020\public\index.php(45): CodeIgniter\CodeIgniter->run()
#8 C:\xampp\htdocs\skm2020\vendor\codeigniter4\framework\system\Commands\Server\rewrite.php(34): require_once('C:\\xampp\\htdocs...')
#9 {main}
CRITICAL - 2021-02-13 02:23:10 --> Undefined variable: pertanyaan
#0 C:\xampp\htdocs\skm2020\app\Views\survei.php(10): CodeIgniter\Debug\Exceptions->errorHandler(8, 'Undefined varia...', 'C:\\xampp\\htdocs...', 10, Array)
#1 C:\xampp\htdocs\skm2020\vendor\codeigniter4\framework\system\View\View.php(246): include('C:\\xampp\\htdocs...')
#2 C:\xampp\htdocs\skm2020\vendor\codeigniter4\framework\system\Common.php(1119): CodeIgniter\View\View->render('survei', Array, true)
#3 C:\xampp\htdocs\skm2020\app\Controllers\Survei.php(38): view('survei', Array)
#4 C:\xampp\htdocs\skm2020\vendor\codeigniter4\framework\system\CodeIgniter.php(918): App\Controllers\Survei->index('Komunikasi', 'survei-kualitas...')
#5 C:\xampp\htdocs\skm2020\vendor\codeigniter4\framework\system\CodeIgniter.php(404): CodeIgniter\CodeIgniter->runController(Object(App\Controllers\Survei))
#6 C:\xampp\htdocs\skm2020\vendor\codeigniter4\framework\system\CodeIgniter.php(312): CodeIgniter\CodeIgniter->handleRequest(NULL, Object(Config\Cache), false)
#7 C:\xampp\htdocs\skm2020\public\index.php(45): CodeIgniter\CodeIgniter->run()
#8 C:\xampp\htdocs\skm2020\vendor\codeigniter4\framework\system\Commands\Server\rewrite.php(34): require_once('C:\\xampp\\htdocs...')
#9 {main}
CRITICAL - 2021-02-13 02:23:11 --> Undefined variable: pertanyaan
#0 C:\xampp\htdocs\skm2020\app\Views\survei.php(10): CodeIgniter\Debug\Exceptions->errorHandler(8, 'Undefined varia...', 'C:\\xampp\\htdocs...', 10, Array)
#1 C:\xampp\htdocs\skm2020\vendor\codeigniter4\framework\system\View\View.php(246): include('C:\\xampp\\htdocs...')
#2 C:\xampp\htdocs\skm2020\vendor\codeigniter4\framework\system\Common.php(1119): CodeIgniter\View\View->render('survei', Array, true)
#3 C:\xampp\htdocs\skm2020\app\Controllers\Survei.php(38): view('survei', Array)
#4 C:\xampp\htdocs\skm2020\vendor\codeigniter4\framework\system\CodeIgniter.php(918): App\Controllers\Survei->index('Komunikasi', 'survei-kualitas...')
#5 C:\xampp\htdocs\skm2020\vendor\codeigniter4\framework\system\CodeIgniter.php(404): CodeIgniter\CodeIgniter->runController(Object(App\Controllers\Survei))
#6 C:\xampp\htdocs\skm2020\vendor\codeigniter4\framework\system\CodeIgniter.php(312): CodeIgniter\CodeIgniter->handleRequest(NULL, Object(Config\Cache), false)
#7 C:\xampp\htdocs\skm2020\public\index.php(45): CodeIgniter\CodeIgniter->run()
#8 C:\xampp\htdocs\skm2020\vendor\codeigniter4\framework\system\Commands\Server\rewrite.php(34): require_once('C:\\xampp\\htdocs...')
#9 {main}
CRITICAL - 2021-02-13 02:23:20 --> Undefined variable: pertanyaan
#0 C:\xampp\htdocs\skm2020\app\Views\survei.php(10): CodeIgniter\Debug\Exceptions->errorHandler(8, 'Undefined varia...', 'C:\\xampp\\htdocs...', 10, Array)
#1 C:\xampp\htdocs\skm2020\vendor\codeigniter4\framework\system\View\View.php(246): include('C:\\xampp\\htdocs...')
#2 C:\xampp\htdocs\skm2020\vendor\codeigniter4\framework\system\Common.php(1119): CodeIgniter\View\View->render('survei', Array, true)
#3 C:\xampp\htdocs\skm2020\app\Controllers\Survei.php(38): view('survei', Array)
#4 C:\xampp\htdocs\skm2020\vendor\codeigniter4\framework\system\CodeIgniter.php(918): App\Controllers\Survei->index('Komunikasi', 'survei-kualitas...')
#5 C:\xampp\htdocs\skm2020\vendor\codeigniter4\framework\system\CodeIgniter.php(404): CodeIgniter\CodeIgniter->runController(Object(App\Controllers\Survei))
#6 C:\xampp\htdocs\skm2020\vendor\codeigniter4\framework\system\CodeIgniter.php(312): CodeIgniter\CodeIgniter->handleRequest(NULL, Object(Config\Cache), false)
#7 C:\xampp\htdocs\skm2020\public\index.php(45): CodeIgniter\CodeIgniter->run()
#8 C:\xampp\htdocs\skm2020\vendor\codeigniter4\framework\system\Commands\Server\rewrite.php(34): require_once('C:\\xampp\\htdocs...')
#9 {main}
CRITICAL - 2021-02-13 02:42:11 --> Undefined property: mysqli::$id
#0 C:\xampp\htdocs\skm2020\app\Views\admin\pertanyaan.php(31): CodeIgniter\Debug\Exceptions->errorHandler(8, 'Undefined prope...', 'C:\\xampp\\htdocs...', 31, Array)
#1 C:\xampp\htdocs\skm2020\vendor\codeigniter4\framework\system\View\View.php(246): include('C:\\xampp\\htdocs...')
#2 C:\xampp\htdocs\skm2020\vendor\codeigniter4\framework\system\Common.php(1119): CodeIgniter\View\View->render('admin/pertanyaa...', Array, true)
#3 C:\xampp\htdocs\skm2020\app\Controllers\Admin\Pertanyaan.php(28): view('admin/pertanyaa...', Array)
#4 C:\xampp\htdocs\skm2020\vendor\codeigniter4\framework\system\CodeIgniter.php(918): App\Controllers\Admin\Pertanyaan->index()
#5 C:\xampp\htdocs\skm2020\vendor\codeigniter4\framework\system\CodeIgniter.php(404): CodeIgniter\CodeIgniter->runController(Object(App\Controllers\Admin\Pertanyaan))
#6 C:\xampp\htdocs\skm2020\vendor\codeigniter4\framework\system\CodeIgniter.php(312): CodeIgniter\CodeIgniter->handleRequest(NULL, Object(Config\Cache), false)
#7 C:\xampp\htdocs\skm2020\public\index.php(45): CodeIgniter\CodeIgniter->run()
#8 C:\xampp\htdocs\skm2020\vendor\codeigniter4\framework\system\Commands\Server\rewrite.php(34): require_once('C:\\xampp\\htdocs...')
#9 {main}
CRITICAL - 2021-02-13 02:42:36 --> Undefined property: mysqli::$id
#0 C:\xampp\htdocs\skm2020\app\Views\admin\pertanyaan.php(31): CodeIgniter\Debug\Exceptions->errorHandler(8, 'Undefined prope...', 'C:\\xampp\\htdocs...', 31, Array)
#1 C:\xampp\htdocs\skm2020\vendor\codeigniter4\framework\system\View\View.php(246): include('C:\\xampp\\htdocs...')
#2 C:\xampp\htdocs\skm2020\vendor\codeigniter4\framework\system\Common.php(1119): CodeIgniter\View\View->render('admin/pertanyaa...', Array, true)
#3 C:\xampp\htdocs\skm2020\app\Controllers\Admin\Pertanyaan.php(28): view('admin/pertanyaa...', Array)
#4 C:\xampp\htdocs\skm2020\vendor\codeigniter4\framework\system\CodeIgniter.php(918): App\Controllers\Admin\Pertanyaan->index()
#5 C:\xampp\htdocs\skm2020\vendor\codeigniter4\framework\system\CodeIgniter.php(404): CodeIgniter\CodeIgniter->runController(Object(App\Controllers\Admin\Pertanyaan))
#6 C:\xampp\htdocs\skm2020\vendor\codeigniter4\framework\system\CodeIgniter.php(312): CodeIgniter\CodeIgniter->handleRequest(NULL, Object(Config\Cache), false)
#7 C:\xampp\htdocs\skm2020\public\index.php(45): CodeIgniter\CodeIgniter->run()
#8 C:\xampp\htdocs\skm2020\vendor\codeigniter4\framework\system\Commands\Server\rewrite.php(34): require_once('C:\\xampp\\htdocs...')
#9 {main}
CRITICAL - 2021-02-13 02:43:21 --> Undefined property: mysqli::$id
#0 C:\xampp\htdocs\skm2020\app\Views\admin\pertanyaan.php(31): CodeIgniter\Debug\Exceptions->errorHandler(8, 'Undefined prope...', 'C:\\xampp\\htdocs...', 31, Array)
#1 C:\xampp\htdocs\skm2020\vendor\codeigniter4\framework\system\View\View.php(246): include('C:\\xampp\\htdocs...')
#2 C:\xampp\htdocs\skm2020\vendor\codeigniter4\framework\system\Common.php(1119): CodeIgniter\View\View->render('admin/pertanyaa...', Array, true)
#3 C:\xampp\htdocs\skm2020\app\Controllers\Admin\Pertanyaan.php(28): view('admin/pertanyaa...', Array)
#4 C:\xampp\htdocs\skm2020\vendor\codeigniter4\framework\system\CodeIgniter.php(918): App\Controllers\Admin\Pertanyaan->index()
#5 C:\xampp\htdocs\skm2020\vendor\codeigniter4\framework\system\CodeIgniter.php(404): CodeIgniter\CodeIgniter->runController(Object(App\Controllers\Admin\Pertanyaan))
#6 C:\xampp\htdocs\skm2020\vendor\codeigniter4\framework\system\CodeIgniter.php(312): CodeIgniter\CodeIgniter->handleRequest(NULL, Object(Config\Cache), false)
#7 C:\xampp\htdocs\skm2020\public\index.php(45): CodeIgniter\CodeIgniter->run()
#8 C:\xampp\htdocs\skm2020\vendor\codeigniter4\framework\system\Commands\Server\rewrite.php(34): require_once('C:\\xampp\\htdocs...')
#9 {main}
CRITICAL - 2021-02-13 02:43:23 --> Call to undefined method App\Models\Survei::getSurvei
#0 C:\xampp\htdocs\skm2020\app\Controllers\Admin\Pertanyaan.php(24): CodeIgniter\Model->__call('getSurvei', Array)
#1 C:\xampp\htdocs\skm2020\vendor\codeigniter4\framework\system\CodeIgniter.php(918): App\Controllers\Admin\Pertanyaan->index()
#2 C:\xampp\htdocs\skm2020\vendor\codeigniter4\framework\system\CodeIgniter.php(404): CodeIgniter\CodeIgniter->runController(Object(App\Controllers\Admin\Pertanyaan))
#3 C:\xampp\htdocs\skm2020\vendor\codeigniter4\framework\system\CodeIgniter.php(312): CodeIgniter\CodeIgniter->handleRequest(NULL, Object(Config\Cache), false)
#4 C:\xampp\htdocs\skm2020\public\index.php(45): CodeIgniter\CodeIgniter->run()
#5 C:\xampp\htdocs\skm2020\vendor\codeigniter4\framework\system\Commands\Server\rewrite.php(34): require_once('C:\\xampp\\htdocs...')
#6 {main}
CRITICAL - 2021-02-13 02:43:47 --> Call to undefined method App\Models\Survei::getSurvei
#0 C:\xampp\htdocs\skm2020\app\Controllers\Admin\Pertanyaan.php(24): CodeIgniter\Model->__call('getSurvei', Array)
#1 C:\xampp\htdocs\skm2020\vendor\codeigniter4\framework\system\CodeIgniter.php(918): App\Controllers\Admin\Pertanyaan->index()
#2 C:\xampp\htdocs\skm2020\vendor\codeigniter4\framework\system\CodeIgniter.php(404): CodeIgniter\CodeIgniter->runController(Object(App\Controllers\Admin\Pertanyaan))
#3 C:\xampp\htdocs\skm2020\vendor\codeigniter4\framework\system\CodeIgniter.php(312): CodeIgniter\CodeIgniter->handleRequest(NULL, Object(Config\Cache), false)
#4 C:\xampp\htdocs\skm2020\public\index.php(45): CodeIgniter\CodeIgniter->run()
#5 C:\xampp\htdocs\skm2020\vendor\codeigniter4\framework\system\Commands\Server\rewrite.php(34): require_once('C:\\xampp\\htdocs...')
#6 {main}
CRITICAL - 2021-02-13 02:44:21 --> Call to undefined method App\Models\Survei::getSurvei
#0 C:\xampp\htdocs\skm2020\app\Controllers\Admin\Pertanyaan.php(24): CodeIgniter\Model->__call('getSurvei', Array)
#1 C:\xampp\htdocs\skm2020\vendor\codeigniter4\framework\system\CodeIgniter.php(918): App\Controllers\Admin\Pertanyaan->index()
#2 C:\xampp\htdocs\skm2020\vendor\codeigniter4\framework\system\CodeIgniter.php(404): CodeIgniter\CodeIgniter->runController(Object(App\Controllers\Admin\Pertanyaan))
#3 C:\xampp\htdocs\skm2020\vendor\codeigniter4\framework\system\CodeIgniter.php(312): CodeIgniter\CodeIgniter->handleRequest(NULL, Object(Config\Cache), false)
#4 C:\xampp\htdocs\skm2020\public\index.php(45): CodeIgniter\CodeIgniter->run()
#5 C:\xampp\htdocs\skm2020\vendor\codeigniter4\framework\system\Commands\Server\rewrite.php(34): require_once('C:\\xampp\\htdocs...')
#6 {main}
CRITICAL - 2021-02-13 02:44:22 --> Trying to get property 'id' of non-object
#0 C:\xampp\htdocs\skm2020\app\Views\admin\pertanyaan.php(31): CodeIgniter\Debug\Exceptions->errorHandler(8, 'Trying to get p...', 'C:\\xampp\\htdocs...', 31, Array)
#1 C:\xampp\htdocs\skm2020\vendor\codeigniter4\framework\system\View\View.php(246): include('C:\\xampp\\htdocs...')
#2 C:\xampp\htdocs\skm2020\vendor\codeigniter4\framework\system\Common.php(1119): CodeIgniter\View\View->render('admin/pertanyaa...', Array, true)
#3 C:\xampp\htdocs\skm2020\app\Controllers\Admin\Pertanyaan.php(28): view('admin/pertanyaa...', Array)
#4 C:\xampp\htdocs\skm2020\vendor\codeigniter4\framework\system\CodeIgniter.php(918): App\Controllers\Admin\Pertanyaan->index()
#5 C:\xampp\htdocs\skm2020\vendor\codeigniter4\framework\system\CodeIgniter.php(404): CodeIgniter\CodeIgniter->runController(Object(App\Controllers\Admin\Pertanyaan))
#6 C:\xampp\htdocs\skm2020\vendor\codeigniter4\framework\system\CodeIgniter.php(312): CodeIgniter\CodeIgniter->handleRequest(NULL, Object(Config\Cache), false)
#7 C:\xampp\htdocs\skm2020\public\index.php(45): CodeIgniter\CodeIgniter->run()
#8 C:\xampp\htdocs\skm2020\vendor\codeigniter4\framework\system\Commands\Server\rewrite.php(34): require_once('C:\\xampp\\htdocs...')
#9 {main}
